Performing C SOURCE FILE Test CMAKE_HAVE_LIBC_PTHREAD failed with the following output:
Change Dir: /home/csmajs/rchan123/cs100/lab-06---github-actions-lab6-rchan123-mwu134/CMakeFiles/CMakeTmp

Run Build Command(s):/opt/rh/devtoolset-6/root/usr/bin/gmake cmTC_5d36d/fast && /opt/rh/devtoolset-6/root/usr/bin/gmake  -f CMakeFiles/cmTC_5d36d.dir/build.make CMakeFiles/cmTC_5d36d.dir/build
gmake[1]: Entering directory '/home/csmajs/rchan123/cs100/lab-06---github-actions-lab6-rchan123-mwu134/CMakeFiles/CMakeTmp'
Building C object CMakeFiles/cmTC_5d36d.dir/src.c.o
/opt/rh/devtoolset-6/root/usr/bin/cc   -DCMAKE_HAVE_LIBC_PTHREAD   -o CMakeFiles/cmTC_5d36d.dir/src.c.o   -c /home/csmajs/rchan123/cs100/lab-06---github-actions-lab6-rchan123-mwu134/CMakeFiles/CMakeTmp/src.c
Linking C executable cmTC_5d36d
/usr/bin/cmake3 -E cmake_link_script CMakeFiles/cmTC_5d36d.dir/link.txt --verbose=1
/opt/rh/devtoolset-6/root/usr/bin/cc  -DCMAKE_HAVE_LIBC_PTHREAD    -rdynamic CMakeFiles/cmTC_5d36d.dir/src.c.o  -o cmTC_5d36d 
CMakeFiles/cmTC_5d36d.dir/src.c.o: In function `main':
src.c:(.text+0x2d): undefined reference to `pthread_create'
src.c:(.text+0x39): undefined reference to `pthread_detach'
src.c:(.text+0x45): undefined reference to `pthread_cancel'
src.c:(.text+0x56): undefined reference to `pthread_join'
src.c:(.text+0x6a): undefined reference to `pthread_atfork'
collect2: error: ld returned 1 exit status
CMakeFiles/cmTC_5d36d.dir/build.make:106: recipe for target 'cmTC_5d36d' failed
gmake[1]: *** [cmTC_5d36d] Error 1
gmake[1]: Leaving directory '/home/csmajs/rchan123/cs100/lab-06---github-actions-lab6-rchan123-mwu134/CMakeFiles/CMakeTmp'
Makefile:141: recipe for target 'cmTC_5d36d/fast' failed
gmake: *** [cmTC_5d36d/fast] Error 2


Source file was:
#include <pthread.h>

void* test_func(void* data)
{
  return data;
}

int main(void)
{
  pthread_t thread;
  pthread_create(&thread, NULL, test_func, NULL);
  pthread_detach(thread);
  pthread_cancel(thread);
  pthread_join(thread, NULL);
  pthread_atfork(NULL, NULL, NULL);
  pthread_exit(NULL);

  return 0;
}

Determining if the function pthread_create exists in the pthreads failed with the following output:
Change Dir: /home/csmajs/rchan123/cs100/lab-06---github-actions-lab6-rchan123-mwu134/CMakeFiles/CMakeTmp

Run Build Command(s):/opt/rh/devtoolset-6/root/usr/bin/gmake cmTC_9fb49/fast && /opt/rh/devtoolset-6/root/usr/bin/gmake  -f CMakeFiles/cmTC_9fb49.dir/build.make CMakeFiles/cmTC_9fb49.dir/build
gmake[1]: Entering directory '/home/csmajs/rchan123/cs100/lab-06---github-actions-lab6-rchan123-mwu134/CMakeFiles/CMakeTmp'
Building C object CMakeFiles/cmTC_9fb49.dir/CheckFunctionExists.c.o
/opt/rh/devtoolset-6/root/usr/bin/cc   -DCHECK_FUNCTION_EXISTS=pthread_create   -o CMakeFiles/cmTC_9fb49.dir/CheckFunctionExists.c.o   -c /usr/share/cmake3/Modules/CheckFunctionExists.c
Linking C executable cmTC_9fb49
/usr/bin/cmake3 -E cmake_link_script CMakeFiles/cmTC_9fb49.dir/link.txt --verbose=1
/opt/rh/devtoolset-6/root/usr/bin/cc  -DCHECK_FUNCTION_EXISTS=pthread_create    -rdynamic CMakeFiles/cmTC_9fb49.dir/CheckFunctionExists.c.o  -o cmTC_9fb49  -lpthreads 
/opt/rh/devtoolset-6/root/usr/libexec/gcc/x86_64-redhat-linux/6.3.1/ld: cannot find -lpthreads
collect2: error: ld returned 1 exit status
CMakeFiles/cmTC_9fb49.dir/build.make:106: recipe for target 'cmTC_9fb49' failed
gmake[1]: *** [cmTC_9fb49] Error 1
gmake[1]: Leaving directory '/home/csmajs/rchan123/cs100/lab-06---github-actions-lab6-rchan123-mwu134/CMakeFiles/CMakeTmp'
Makefile:141: recipe for target 'cmTC_9fb49/fast' failed
gmake: *** [cmTC_9fb49/fast] Error 2



